<?xml version="1.0" encoding="UTF-8"?>
<testsuite name="org.example.springboot.web.HelloControllerTest" tests="2" skipped="0" failures="0" errors="0" timestamp="2021-10-16T15:01:12" hostname="freelec-springboot2-webservice" time="0.301">
  <properties/>
  <testcase name="hello가_리턴된다" classname="org.example.springboot.web.HelloControllerTest" time="0.13"/>
  <testcase name="helloDto가_리턴된다" classname="org.example.springboot.web.HelloControllerTest" time="0.17"/>
  <system-out><![CDATA[2021-10-17 00:01:11.102  INFO 22561 --- [    Test worker] .b.t.a.w.s.WebMvcTestContextBootstrapper : Neither @ContextConfiguration nor @ContextHierarchy found for test class [org.example.springboot.web.HelloControllerTest], using SpringBootContextLoader
2021-10-17 00:01:11.108  INFO 22561 --- [    Test worker] o.s.t.c.support.AbstractContextLoader    : Could not detect default resource locations for test class [org.example.springboot.web.HelloControllerTest]: no resource found for suffixes {-context.xml, Context.groovy}.
2021-10-17 00:01:11.109  INFO 22561 --- [    Test worker] t.c.s.AnnotationConfigContextLoaderUtils : Could not detect default configuration classes for test class [org.example.springboot.web.HelloControllerTest]: HelloControllerTest does not declare any static, non-private, non-final, nested classes annotated with @Configuration.
2021-10-17 00:01:11.150  INFO 22561 --- [    Test worker] .b.t.c.SpringBootTestContextBootstrapper : Found @SpringBootConfiguration org.example.springboot.Application for test class org.example.springboot.web.HelloControllerTest
2021-10-17 00:01:11.160  INFO 22561 --- [    Test worker] .b.t.a.w.s.WebMvcTestContextBootstrapper : Loaded default TestExecutionListener class names from location [META-INF/spring.factories]: [org.springframework.security.test.context.support.WithSecurityContextTestExecutionListener, org.springframework.security.test.context.support.ReactorContextTestExecutionListener, org.springframework.boot.test.autoconfigure.restdocs.RestDocsTestExecutionListener, org.springframework.boot.test.autoconfigure.web.client.MockRestServiceServerResetTestExecutionListener, org.springframework.boot.test.autoconfigure.web.servlet.MockMvcPrintOnlyOnFailureTestExecutionListener, org.springframework.boot.test.autoconfigure.web.servlet.WebDriverTestExecutionListener, org.springframework.boot.test.mock.mockito.MockitoTestExecutionListener, org.springframework.boot.test.mock.mockito.ResetMocksTestExecutionListener, org.springframework.test.context.web.ServletTestExecutionListener, org.springframework.test.context.support.DirtiesContextBeforeModesTestExecutionListener, org.springframework.test.context.support.DependencyInjectionTestExecutionListener, org.springframework.test.context.support.DirtiesContextTestExecutionListener, org.springframework.test.context.transaction.TransactionalTestExecutionListener, org.springframework.test.context.jdbc.SqlScriptsTestExecutionListener]
2021-10-17 00:01:11.161  INFO 22561 --- [    Test worker] .b.t.a.w.s.WebMvcTestContextBootstrapper : Using TestExecutionListeners: [org.springframework.test.context.web.ServletTestExecutionListener@1bd04c3f, org.springframework.test.context.support.DirtiesContextBeforeModesTestExecutionListener@3b4898d7, org.springframework.boot.test.mock.mockito.MockitoTestExecutionListener@91efa51, org.springframework.boot.test.autoconfigure.SpringBootDependencyInjectionTestExecutionListener@61359695, org.springframework.test.context.support.DirtiesContextTestExecutionListener@789d9f38, org.springframework.test.context.transaction.TransactionalTestExecutionListener@76c3edc, org.springframework.test.context.jdbc.SqlScriptsTestExecutionListener@79de8012, org.springframework.security.test.context.support.WithSecurityContextTestExecutionListener@34923082, org.springframework.security.test.context.support.ReactorContextTestExecutionListener@20621d77, org.springframework.boot.test.autoconfigure.restdocs.RestDocsTestExecutionListener@469e5d79, org.springframework.boot.test.autoconfigure.web.client.MockRestServiceServerResetTestExecutionListener@4bcd9ba8, org.springframework.boot.test.autoconfigure.web.servlet.MockMvcPrintOnlyOnFailureTestExecutionListener@6efeb473, org.springframework.boot.test.autoconfigure.web.servlet.WebDriverTestExecutionListener@5e47857e, org.springframework.boot.test.mock.mockito.ResetMocksTestExecutionListener@6a867e5a]

  .   ____          _            __ _ _
 /\\ / ___'_ __ _ _(_)_ __  __ _ \ \ \ \
( ( )\___ | '_ | '_| | '_ \/ _` | \ \ \ \
 \\/  ___)| |_)| | | | | || (_| |  ) ) ) )
  '  |____| .__|_| |_|_| |_\__, | / / / /
 =========|_|==============|___/=/_/_/_/
 :: Spring Boot ::        (v2.1.7.RELEASE)

2021-10-17 00:01:11.215  INFO 22561 --- [    Test worker] o.e.springboot.web.HelloControllerTest   : Starting HelloControllerTest on freelec-springboot2-webservice with PID 22561 (started by ec2-user in /home/ec2-user/app/step1/freelec-springboot2-webservice)
2021-10-17 00:01:11.221  INFO 22561 --- [    Test worker] o.e.springboot.web.HelloControllerTest   : No active profile set, falling back to default profiles: default
2021-10-17 00:01:12.044  INFO 22561 --- [    Test worker] o.s.s.concurrent.ThreadPoolTaskExecutor  : Initializing ExecutorService 'applicationTaskExecutor'
2021-10-17 00:01:12.117  INFO 22561 --- [    Test worker] o.s.b.a.w.s.WelcomePageHandlerMapping    : Adding welcome page template: index
2021-10-17 00:01:12.487  INFO 22561 --- [    Test worker] .s.s.UserDetailsServiceAutoConfiguration : 

Using generated security password: bf784db6-9466-4185-ad53-582a50ecfbc6

2021-10-17 00:01:12.714  INFO 22561 --- [    Test worker] o.s.s.web.DefaultSecurityFilterChain     : Creating filter chain: any request, [org.springframework.security.web.context.request.async.WebAsyncManagerIntegrationFilter@17ac9a92, org.springframework.security.web.context.SecurityContextPersistenceFilter@aeede64, org.springframework.security.web.header.HeaderWriterFilter@166c3d4d, org.springframework.security.web.csrf.CsrfFilter@262ad7e3, org.springframework.security.web.authentication.logout.LogoutFilter@1261de46, org.springframework.security.web.authentication.UsernamePasswordAuthenticationFilter@6d2599f5, org.springframework.security.web.authentication.ui.DefaultLoginPageGeneratingFilter@175d3dd8, org.springframework.security.web.authentication.ui.DefaultLogoutPageGeneratingFilter@2f9a45aa, org.springframework.security.web.authentication.www.BasicAuthenticationFilter@6c397de8, org.springframework.security.web.savedrequest.RequestCacheAwareFilter@4da54197, org.springframework.security.web.servletapi.SecurityContextHolderAwareRequestFilter@3ad49b3b, org.springframework.security.web.authentication.AnonymousAuthenticationFilter@8ebbb8c, org.springframework.security.web.session.SessionManagementFilter@660975ac, org.springframework.security.web.access.ExceptionTranslationFilter@c9962ac, org.springframework.security.web.access.intercept.FilterSecurityInterceptor@65104292]
2021-10-17 00:01:12.780  INFO 22561 --- [    Test worker] o.s.b.t.m.w.SpringBootMockServletContext : Initializing Spring TestDispatcherServlet ''
2021-10-17 00:01:12.787  INFO 22561 --- [    Test worker] o.s.t.web.servlet.TestDispatcherServlet  : Initializing Servlet ''
2021-10-17 00:01:12.804  INFO 22561 --- [    Test worker] o.s.t.web.servlet.TestDispatcherServlet  : Completed initialization in 17 ms
2021-10-17 00:01:12.866  INFO 22561 --- [    Test worker] o.e.springboot.web.HelloControllerTest   : Started HelloControllerTest in 1.701 seconds (JVM running for 17.86)
]]></system-out>
  <system-err><![CDATA[]]></system-err>
</testsuite>
