<?xml version="1.0" encoding="UTF-8"?>
<testsuite name="org.example.springboot.web.HelloControllerTest" tests="2" skipped="0" failures="0" errors="0" timestamp="2021-10-16T14:06:34" hostname="DESKTOP-H6DU36K" time="0.437">
  <properties/>
  <testcase name="hello가_리턴된다" classname="org.example.springboot.web.HelloControllerTest" time="0.197"/>
  <testcase name="helloDto가_리턴된다" classname="org.example.springboot.web.HelloControllerTest" time="0.239"/>
  <system-out><![CDATA[2021-10-16 23:06:30.449  INFO 7580 --- [    Test worker] .b.t.a.w.s.WebMvcTestContextBootstrapper : Neither @ContextConfiguration nor @ContextHierarchy found for test class [org.example.springboot.web.HelloControllerTest], using SpringBootContextLoader
2021-10-16 23:06:30.453  INFO 7580 --- [    Test worker] o.s.t.c.support.AbstractContextLoader    : Could not detect default resource locations for test class [org.example.springboot.web.HelloControllerTest]: no resource found for suffixes {-context.xml, Context.groovy}.
2021-10-16 23:06:30.453  INFO 7580 --- [    Test worker] t.c.s.AnnotationConfigContextLoaderUtils : Could not detect default configuration classes for test class [org.example.springboot.web.HelloControllerTest]: HelloControllerTest does not declare any static, non-private, non-final, nested classes annotated with @Configuration.
2021-10-16 23:06:30.661  INFO 7580 --- [    Test worker] .b.t.c.SpringBootTestContextBootstrapper : Found @SpringBootConfiguration org.example.springboot.Application for test class org.example.springboot.web.HelloControllerTest
2021-10-16 23:06:30.697  INFO 7580 --- [    Test worker] .b.t.a.w.s.WebMvcTestContextBootstrapper : Loaded default TestExecutionListener class names from location [META-INF/spring.factories]: [org.springframework.security.test.context.support.WithSecurityContextTestExecutionListener, org.springframework.security.test.context.support.ReactorContextTestExecutionListener, org.springframework.boot.test.autoconfigure.restdocs.RestDocsTestExecutionListener, org.springframework.boot.test.autoconfigure.web.client.MockRestServiceServerResetTestExecutionListener, org.springframework.boot.test.autoconfigure.web.servlet.MockMvcPrintOnlyOnFailureTestExecutionListener, org.springframework.boot.test.autoconfigure.web.servlet.WebDriverTestExecutionListener, org.springframework.boot.test.mock.mockito.MockitoTestExecutionListener, org.springframework.boot.test.mock.mockito.ResetMocksTestExecutionListener, org.springframework.test.context.web.ServletTestExecutionListener, org.springframework.test.context.support.DirtiesContextBeforeModesTestExecutionListener, org.springframework.test.context.support.DependencyInjectionTestExecutionListener, org.springframework.test.context.support.DirtiesContextTestExecutionListener, org.springframework.test.context.transaction.TransactionalTestExecutionListener, org.springframework.test.context.jdbc.SqlScriptsTestExecutionListener]
2021-10-16 23:06:30.743  INFO 7580 --- [    Test worker] .b.t.a.w.s.WebMvcTestContextBootstrapper : Using TestExecutionListeners: [org.springframework.test.context.web.ServletTestExecutionListener@4aa7be4, org.springframework.test.context.support.DirtiesContextBeforeModesTestExecutionListener@1722f4e3, org.springframework.boot.test.mock.mockito.MockitoTestExecutionListener@50336c8e, org.springframework.boot.test.autoconfigure.SpringBootDependencyInjectionTestExecutionListener@218a21c2, org.springframework.test.context.support.DirtiesContextTestExecutionListener@76a80b4c, org.springframework.test.context.transaction.TransactionalTestExecutionListener@762d6c96, org.springframework.test.context.jdbc.SqlScriptsTestExecutionListener@3db129c1, org.springframework.security.test.context.support.WithSecurityContextTestExecutionListener@4d458b84, org.springframework.security.test.context.support.ReactorContextTestExecutionListener@7b810b0b, org.springframework.boot.test.autoconfigure.restdocs.RestDocsTestExecutionListener@66d58131, org.springframework.boot.test.autoconfigure.web.client.MockRestServiceServerResetTestExecutionListener@521e430b, org.springframework.boot.test.autoconfigure.web.servlet.MockMvcPrintOnlyOnFailureTestExecutionListener@33e6eb67, org.springframework.boot.test.autoconfigure.web.servlet.WebDriverTestExecutionListener@40cc6743, org.springframework.boot.test.mock.mockito.ResetMocksTestExecutionListener@a5aaa62]

  .   ____          _            __ _ _
 /\\ / ___'_ __ _ _(_)_ __  __ _ \ \ \ \
( ( )\___ | '_ | '_| | '_ \/ _` | \ \ \ \
 \\/  ___)| |_)| | | | | || (_| |  ) ) ) )
  '  |____| .__|_| |_|_| |_\__, | / / / /
 =========|_|==============|___/=/_/_/_/
 :: Spring Boot ::        (v2.1.7.RELEASE)

2021-10-16 23:06:31.337  INFO 7580 --- [    Test worker] o.e.springboot.web.HelloControllerTest   : Starting HelloControllerTest on DESKTOP-H6DU36K with PID 7580 (started by yeagi in D:\프로젝트\SpringBoot\freelec-springboot2-webservice)
2021-10-16 23:06:31.358  INFO 7580 --- [    Test worker] o.e.springboot.web.HelloControllerTest   : No active profile set, falling back to default profiles: default
2021-10-16 23:06:33.126  INFO 7580 --- [    Test worker] o.s.s.concurrent.ThreadPoolTaskExecutor  : Initializing ExecutorService 'applicationTaskExecutor'
2021-10-16 23:06:33.196  INFO 7580 --- [    Test worker] o.s.b.a.w.s.WelcomePageHandlerMapping    : Adding welcome page template: index
2021-10-16 23:06:33.686  INFO 7580 --- [    Test worker] .s.s.UserDetailsServiceAutoConfiguration : 

Using generated security password: 7a1a6d8e-b476-4b67-b18e-345919058f5c

2021-10-16 23:06:33.966  INFO 7580 --- [    Test worker] o.s.s.web.DefaultSecurityFilterChain     : Creating filter chain: any request, [org.springframework.security.web.context.request.async.WebAsyncManagerIntegrationFilter@4493d1e2, org.springframework.security.web.context.SecurityContextPersistenceFilter@72cdd72a, org.springframework.security.web.header.HeaderWriterFilter@7e8e7eea, org.springframework.security.web.csrf.CsrfFilter@73c40b60, org.springframework.security.web.authentication.logout.LogoutFilter@4074928e, org.springframework.security.web.authentication.UsernamePasswordAuthenticationFilter@109de877, org.springframework.security.web.authentication.ui.DefaultLoginPageGeneratingFilter@73bd85ba, org.springframework.security.web.authentication.ui.DefaultLogoutPageGeneratingFilter@65cc2238, org.springframework.security.web.authentication.www.BasicAuthenticationFilter@7d35e338, org.springframework.security.web.savedrequest.RequestCacheAwareFilter@449bdee5, org.springframework.security.web.servletapi.SecurityContextHolderAwareRequestFilter@49ef91b2, org.springframework.security.web.authentication.AnonymousAuthenticationFilter@3732319a, org.springframework.security.web.session.SessionManagementFilter@2d42e550, org.springframework.security.web.access.ExceptionTranslationFilter@6d9b6f71, org.springframework.security.web.access.intercept.FilterSecurityInterceptor@1518cd9c]
2021-10-16 23:06:34.044  INFO 7580 --- [    Test worker] o.s.b.t.m.w.SpringBootMockServletContext : Initializing Spring TestDispatcherServlet ''
2021-10-16 23:06:34.044  INFO 7580 --- [    Test worker] o.s.t.web.servlet.TestDispatcherServlet  : Initializing Servlet ''
2021-10-16 23:06:34.090  INFO 7580 --- [    Test worker] o.s.t.web.servlet.TestDispatcherServlet  : Completed initialization in 45 ms
2021-10-16 23:06:34.163  INFO 7580 --- [    Test worker] o.e.springboot.web.HelloControllerTest   : Started HelloControllerTest in 3.39 seconds (JVM running for 20.215)
]]></system-out>
  <system-err><![CDATA[]]></system-err>
</testsuite>
