<?xml version="1.0" encoding="UTF-8"?>
<testsuite name="org.example.springboot.web.IndexControllerTest" tests="1" skipped="0" failures="0" errors="0" timestamp="2021-10-16T15:01:17" hostname="freelec-springboot2-webservice" time="0.383">
  <properties/>
  <testcase name="메인페이지_로딩" classname="org.example.springboot.web.IndexControllerTest" time="0.383"/>
  <system-out><![CDATA[2021-10-17 00:01:13.180  INFO 22561 --- [    Test worker] .b.t.c.SpringBootTestContextBootstrapper : Neither @ContextConfiguration nor @ContextHierarchy found for test class [org.example.springboot.web.IndexControllerTest], using SpringBootContextLoader
2021-10-17 00:01:13.181  INFO 22561 --- [    Test worker] o.s.t.c.support.AbstractContextLoader    : Could not detect default resource locations for test class [org.example.springboot.web.IndexControllerTest]: no resource found for suffixes {-context.xml, Context.groovy}.
2021-10-17 00:01:13.181  INFO 22561 --- [    Test worker] t.c.s.AnnotationConfigContextLoaderUtils : Could not detect default configuration classes for test class [org.example.springboot.web.IndexControllerTest]: IndexControllerTest does not declare any static, non-private, non-final, nested classes annotated with @Configuration.
2021-10-17 00:01:13.182  INFO 22561 --- [    Test worker] .b.t.c.SpringBootTestContextBootstrapper : Found @SpringBootConfiguration org.example.springboot.Application for test class org.example.springboot.web.IndexControllerTest
2021-10-17 00:01:13.184  INFO 22561 --- [    Test worker] .b.t.c.SpringBootTestContextBootstrapper : Loaded default TestExecutionListener class names from location [META-INF/spring.factories]: [org.springframework.security.test.context.support.WithSecurityContextTestExecutionListener, org.springframework.security.test.context.support.ReactorContextTestExecutionListener, org.springframework.boot.test.autoconfigure.restdocs.RestDocsTestExecutionListener, org.springframework.boot.test.autoconfigure.web.client.MockRestServiceServerResetTestExecutionListener, org.springframework.boot.test.autoconfigure.web.servlet.MockMvcPrintOnlyOnFailureTestExecutionListener, org.springframework.boot.test.autoconfigure.web.servlet.WebDriverTestExecutionListener, org.springframework.boot.test.mock.mockito.MockitoTestExecutionListener, org.springframework.boot.test.mock.mockito.ResetMocksTestExecutionListener, org.springframework.test.context.web.ServletTestExecutionListener, org.springframework.test.context.support.DirtiesContextBeforeModesTestExecutionListener, org.springframework.test.context.support.DependencyInjectionTestExecutionListener, org.springframework.test.context.support.DirtiesContextTestExecutionListener, org.springframework.test.context.transaction.TransactionalTestExecutionListener, org.springframework.test.context.jdbc.SqlScriptsTestExecutionListener]
2021-10-17 00:01:13.185  INFO 22561 --- [    Test worker] .b.t.c.SpringBootTestContextBootstrapper : Using TestExecutionListeners: [org.springframework.test.context.web.ServletTestExecutionListener@7701e608, org.springframework.test.context.support.DirtiesContextBeforeModesTestExecutionListener@549c7aa0, org.springframework.boot.test.mock.mockito.MockitoTestExecutionListener@2c9d6505, org.springframework.boot.test.autoconfigure.SpringBootDependencyInjectionTestExecutionListener@c76f15, org.springframework.test.context.support.DirtiesContextTestExecutionListener@788ee8a3, org.springframework.test.context.transaction.TransactionalTestExecutionListener@4f70c468, org.springframework.test.context.jdbc.SqlScriptsTestExecutionListener@80235ce, org.springframework.security.test.context.support.WithSecurityContextTestExecutionListener@33065c1c, org.springframework.security.test.context.support.ReactorContextTestExecutionListener@3c42612f, org.springframework.boot.test.autoconfigure.restdocs.RestDocsTestExecutionListener@75d8a14b, org.springframework.boot.test.autoconfigure.web.client.MockRestServiceServerResetTestExecutionListener@6ced467b, org.springframework.boot.test.autoconfigure.web.servlet.MockMvcPrintOnlyOnFailureTestExecutionListener@6d0a0146, org.springframework.boot.test.autoconfigure.web.servlet.WebDriverTestExecutionListener@42ee4ed1, org.springframework.boot.test.mock.mockito.ResetMocksTestExecutionListener@728c6d3e]

  .   ____          _            __ _ _
 /\\ / ___'_ __ _ _(_)_ __  __ _ \ \ \ \
( ( )\___ | '_ | '_| | '_ \/ _` | \ \ \ \
 \\/  ___)| |_)| | | | | || (_| |  ) ) ) )
  '  |____| .__|_| |_|_| |_\__, | / / / /
 =========|_|==============|___/=/_/_/_/
 :: Spring Boot ::        (v2.1.7.RELEASE)

2021-10-17 00:01:13.237  INFO 22561 --- [    Test worker] o.e.springboot.web.IndexControllerTest   : Starting IndexControllerTest on freelec-springboot2-webservice with PID 22561 (started by ec2-user in /home/ec2-user/app/step1/freelec-springboot2-webservice)
2021-10-17 00:01:13.241  INFO 22561 --- [    Test worker] o.e.springboot.web.IndexControllerTest   : No active profile set, falling back to default profiles: default
2021-10-17 00:01:13.650  INFO 22561 --- [    Test worker] .s.d.r.c.RepositoryConfigurationDelegate : Bootstrapping Spring Data repositories in DEFAULT mode.
2021-10-17 00:01:13.676  INFO 22561 --- [    Test worker] .s.d.r.c.RepositoryConfigurationDelegate : Finished Spring Data repository scanning in 21ms. Found 2 repository interfaces.
2021-10-17 00:01:13.899  INFO 22561 --- [    Test worker] trationDelegate$BeanPostProcessorChecker : Bean 'org.springframework.transaction.annotation.ProxyTransactionManagementConfiguration' of type [org.springframework.transaction.annotation.ProxyTransactionManagementConfiguration$$EnhancerBySpringCGLIB$$5bb54866] is not eligible for getting processed by all BeanPostProcessors (for example: not eligible for auto-proxying)
2021-10-17 00:01:14.381  INFO 22561 --- [    Test worker] o.s.b.w.embedded.tomcat.TomcatWebServer  : Tomcat initialized with port(s): 0 (http)
2021-10-17 00:01:14.457  INFO 22561 --- [    Test worker] o.apache.catalina.core.StandardService   : Starting service [Tomcat]
2021-10-17 00:01:14.457  INFO 22561 --- [    Test worker] org.apache.catalina.core.StandardEngine  : Starting Servlet engine: [Apache Tomcat/9.0.22]
2021-10-17 00:01:15.017  INFO 22561 --- [    Test worker] o.a.c.c.C.[Tomcat].[localhost].[/]       : Initializing Spring embedded WebApplicationContext
2021-10-17 00:01:15.017  INFO 22561 --- [    Test worker] o.s.web.context.ContextLoader            : Root WebApplicationContext: initialization completed in 1775 ms
2021-10-17 00:01:15.315  INFO 22561 --- [    Test worker] com.zaxxer.hikari.HikariDataSource       : HikariPool-2 - Starting...
2021-10-17 00:01:15.317  INFO 22561 --- [    Test worker] com.zaxxer.hikari.HikariDataSource       : HikariPool-2 - Start completed.
2021-10-17 00:01:15.361  INFO 22561 --- [    Test worker] o.hibernate.jpa.internal.util.LogHelper  : HHH000204: Processing PersistenceUnitInfo [
	name: default
	...]
2021-10-17 00:01:15.375  INFO 22561 --- [    Test worker] org.hibernate.dialect.Dialect            : HHH000400: Using dialect: org.hibernate.dialect.MySQL5InnoDBDialect
Hibernate: drop table if exists posts
Hibernate: drop table if exists user
Hibernate: create table posts (id bigint not null auto_increment, created_date datetime, modified_date datetime, author varchar(255), content TEXT not null, title varchar(500) not null, primary key (id)) engine=InnoDB
Hibernate: create table user (id bigint not null auto_increment, created_date datetime, modified_date datetime, email varchar(255) not null, name varchar(255) not null, picture varchar(255), role varchar(255) not null, primary key (id)) engine=InnoDB
2021-10-17 00:01:15.512  INFO 22561 --- [    Test worker] o.h.t.schema.internal.SchemaCreatorImpl  : HHH000476: Executing import script 'org.hibernate.tool.schema.internal.exec.ScriptSourceInputNonExistentImpl@75f5b212'
2021-10-17 00:01:15.513  INFO 22561 --- [    Test worker] j.LocalContainerEntityManagerFactoryBean : Initialized JPA EntityManagerFactory for persistence unit 'default'
2021-10-17 00:01:16.155  INFO 22561 --- [    Test worker] o.h.h.i.QueryTranslatorFactoryInitiator  : HHH000397: Using ASTQueryTranslatorFactory
2021-10-17 00:01:16.455  INFO 22561 --- [    Test worker] o.s.s.web.DefaultSecurityFilterChain     : Creating filter chain: any request, [org.springframework.security.web.context.request.async.WebAsyncManagerIntegrationFilter@48a8c5df, org.springframework.security.web.context.SecurityContextPersistenceFilter@4f38c1e3, org.springframework.security.web.header.HeaderWriterFilter@6589185, org.springframework.security.web.authentication.logout.LogoutFilter@667c62be, org.springframework.security.oauth2.client.web.OAuth2AuthorizationRequestRedirectFilter@1e444bdb, org.springframework.security.oauth2.client.web.OAuth2LoginAuthenticationFilter@2197619f, org.springframework.security.web.authentication.ui.DefaultLoginPageGeneratingFilter@6f42816c, org.springframework.security.web.authentication.ui.DefaultLogoutPageGeneratingFilter@42027108, org.springframework.security.web.savedrequest.RequestCacheAwareFilter@65e99c1d, org.springframework.security.web.servletapi.SecurityContextHolderAwareRequestFilter@277ffd9c, org.springframework.security.web.authentication.AnonymousAuthenticationFilter@7ea4e000, org.springframework.security.web.session.SessionManagementFilter@249d9d12, org.springframework.security.web.access.ExceptionTranslationFilter@3a020f26, org.springframework.security.web.access.intercept.FilterSecurityInterceptor@590a655f]
2021-10-17 00:01:16.835  INFO 22561 --- [    Test worker] o.s.s.concurrent.ThreadPoolTaskExecutor  : Initializing ExecutorService 'applicationTaskExecutor'
2021-10-17 00:01:16.873  WARN 22561 --- [    Test worker] aWebConfiguration$JpaWebMvcConfiguration : spring.jpa.open-in-view is enabled by default. Therefore, database queries may be performed during view rendering. Explicitly configure spring.jpa.open-in-view to disable this warning
2021-10-17 00:01:16.925  INFO 22561 --- [    Test worker] o.s.b.a.w.s.WelcomePageHandlerMapping    : Adding welcome page template: index
2021-10-17 00:01:17.440  INFO 22561 --- [    Test worker] s.a.ScheduledAnnotationBeanPostProcessor : No TaskScheduler/ScheduledExecutorService bean found for scheduled processing
2021-10-17 00:01:17.493  INFO 22561 --- [    Test worker] o.s.b.w.embedded.tomcat.TomcatWebServer  : Tomcat started on port(s): 34957 (http) with context path ''
2021-10-17 00:01:17.500  INFO 22561 --- [    Test worker] o.e.springboot.web.IndexControllerTest   : Started IndexControllerTest in 4.308 seconds (JVM running for 22.494)
2021-10-17 00:01:17.711  INFO 22561 --- [o-auto-1-exec-1] o.a.c.c.C.[Tomcat].[localhost].[/]       : Initializing Spring DispatcherServlet 'dispatcherServlet'
2021-10-17 00:01:17.712  INFO 22561 --- [o-auto-1-exec-1] o.s.web.servlet.DispatcherServlet        : Initializing Servlet 'dispatcherServlet'
2021-10-17 00:01:17.732  INFO 22561 --- [o-auto-1-exec-1] o.s.web.servlet.DispatcherServlet        : Completed initialization in 20 ms
Hibernate: select posts0_.id as id1_0_, posts0_.created_date as created_2_0_, posts0_.modified_date as modified3_0_, posts0_.author as author4_0_, posts0_.content as content5_0_, posts0_.title as title6_0_ from posts posts0_ order by posts0_.id DESC
]]></system-out>
  <system-err><![CDATA[]]></system-err>
</testsuite>
