<?xml version="1.0" encoding="UTF-8"?>
<testsuite name="org.example.springboot.web.dto.HelloResponseDtoTest" tests="1" skipped="0" failures="0" errors="0" timestamp="2021-10-16T14:06:30" hostname="DESKTOP-H6DU36K" time="0.014">
  <properties/>
  <testcase name="롬북_기능_테스트" classname="org.example.springboot.web.dto.HelloResponseDtoTest" time="0.014"/>
  <system-out><![CDATA[]]></system-out>
  <system-err><![CDATA[]]></system-err>
</testsuite>
